2017/02/04 18:24:15 INFO  - jmeter.util.JMeterUtils: Setting Locale to fr_FR 
2017/02/04 18:24:15 INFO  - jmeter.util.JMeterUtils: Could not find resources for 'fr_FR', using 'fr' 
2017/02/04 18:24:15 INFO  - jmeter.JMeter: Loading user properties from: C:\ProgramData\chocolatey\lib\jmeter\tools\apache-jmeter-2.13\bin\user.properties 
2017/02/04 18:24:15 INFO  - jmeter.JMeter: Loading system properties from: C:\ProgramData\chocolatey\lib\jmeter\tools\apache-jmeter-2.13\bin\system.properties 
2017/02/04 18:24:15 INFO  - jmeter.JMeter: Copyright (c) 1998-2015 The Apache Software Foundation 
2017/02/04 18:24:15 INFO  - jmeter.JMeter: Version 2.13 r1665067 
2017/02/04 18:24:15 INFO  - jmeter.JMeter: java.version=1.8.0_121 
2017/02/04 18:24:15 INFO  - jmeter.JMeter: java.vm.name=Java HotSpot(TM) 64-Bit Server VM 
2017/02/04 18:24:15 INFO  - jmeter.JMeter: os.name=Windows 10 
2017/02/04 18:24:15 INFO  - jmeter.JMeter: os.arch=amd64 
2017/02/04 18:24:15 INFO  - jmeter.JMeter: os.version=10.0 
2017/02/04 18:24:15 INFO  - jmeter.JMeter: file.encoding=Cp1252 
2017/02/04 18:24:15 INFO  - jmeter.JMeter: Default Locale=français (France) 
2017/02/04 18:24:15 INFO  - jmeter.JMeter: JMeter  Locale=français (France) 
2017/02/04 18:24:15 INFO  - jmeter.JMeter: JMeterHome=C:\ProgramData\chocolatey\lib\jmeter\tools\apache-jmeter-2.13 
2017/02/04 18:24:15 INFO  - jmeter.JMeter: user.dir  =D:\e-cosi\perso\Documents\FIL\UV Qualité logicielle et methodes agiles\Test Logiciel\WORK2\Camix_Java 
2017/02/04 18:24:15 INFO  - jmeter.JMeter: PWD       =D:\e-cosi\perso\Documents\FIL\UV Qualité logicielle et methodes agiles\Test Logiciel\WORK2\Camix_Java 
2017/02/04 18:24:19 INFO  - jmeter.JMeter: IP: 172.28.128.1 Name: LT-PC-16014 FullName: LT-PC-16014 
2017/02/04 18:24:19 INFO  - jmeter.JMeter: search_paths=./bin/ 
2017/02/04 18:24:19 INFO  - jmeter.JMeter: Adding to classpath and loader: ./bin/ 
2017/02/04 18:24:20 INFO  - jmeter.gui.action.LookAndFeelCommand: Using look and feel: javax.swing.plaf.metal.MetalLookAndFeel [Metal, CrossPlatform] 
2017/02/04 18:24:20 INFO  - jmeter.JMeter: Loaded icon properties from org/apache/jmeter/images/icon.properties 
2017/02/04 18:24:20 INFO  - jmeter.engine.util.CompoundVariable: Note: Function class names must contain the string: '.functions.' 
2017/02/04 18:24:20 INFO  - jmeter.engine.util.CompoundVariable: Note: Function class names must not contain the string: '.gui.' 
2017/02/04 18:24:21 INFO  - jmeter.util.BSFTestElement: Registering JMeter version of JavaScript engine as work-round for BSF-22 
2017/02/04 18:24:21 INFO  - jmeter.JMeter: Loading file: D:\e-cosi\perso\Documents\FIL\UV Qualité logicielle et methodes agiles\Test Logiciel\WORK2\Camix_Java\jmeter\plan_test.jmx 
2017/02/04 18:24:21 INFO  - jmeter.services.FileServer: Default base='D:\e-cosi\perso\Documents\FIL\UV Qualité logicielle et methodes agiles\Test Logiciel\WORK2\Camix_Java' 
2017/02/04 18:24:21 INFO  - jmeter.services.FileServer: Set new base='D:\e-cosi\perso\Documents\FIL\UV Qualité logicielle et methodes agiles\Test Logiciel\WORK2\Camix_Java\jmeter' 
2017/02/04 18:24:21 INFO  - jmeter.save.SaveService: Testplan (JMX) version: 2.2. Testlog (JTL) version: 2.2 
2017/02/04 18:24:21 INFO  - jmeter.save.SaveService: Using SaveService properties file encoding UTF-8 
2017/02/04 18:24:21 INFO  - jmeter.save.SaveService: Using SaveService properties file version 1656252 
2017/02/04 18:24:21 INFO  - jmeter.save.SaveService: Using SaveService properties version 2.8 
2017/02/04 18:24:21 INFO  - jmeter.save.SaveService: All converter versions present and correct 
2017/02/04 18:24:21 INFO  - jmeter.save.SaveService: Loading file: D:\e-cosi\perso\Documents\FIL\UV Qualité logicielle et methodes agiles\Test Logiciel\WORK2\Camix_Java\jmeter\plan_test.jmx 
2017/02/04 18:24:21 INFO  - jmeter.services.FileServer: Set new base='D:\e-cosi\perso\Documents\FIL\UV Qualité logicielle et methodes agiles\Test Logiciel\WORK2\Camix_Java\jmeter' 
2017/02/04 18:24:21 INFO  - jmeter.samplers.SampleResult: Note: Sample TimeStamps are START times 
2017/02/04 18:24:21 INFO  - jmeter.samplers.SampleResult: sampleresult.default.encoding is set to ISO-8859-1 
2017/02/04 18:24:21 INFO  - jmeter.samplers.SampleResult: sampleresult.useNanoTime=true 
2017/02/04 18:24:21 INFO  - jmeter.samplers.SampleResult: sampleresult.nanoThreadSleep=5000 
2017/02/04 18:24:22 INFO  - jmeter.protocol.http.sampler.HTTPSamplerBase: Cannot find .className property for htmlParser, using default 
2017/02/04 18:24:22 INFO  - jmeter.protocol.http.sampler.HTTPSamplerBase: Parser for text/html is  
2017/02/04 18:24:22 INFO  - jmeter.protocol.http.sampler.HTTPSamplerBase: Parser for application/xhtml+xml is  
2017/02/04 18:24:22 INFO  - jmeter.protocol.http.sampler.HTTPSamplerBase: Parser for application/xml is  
2017/02/04 18:24:22 INFO  - jmeter.protocol.http.sampler.HTTPSamplerBase: Parser for text/xml is  
2017/02/04 18:24:22 INFO  - jmeter.protocol.http.sampler.HTTPSamplerBase: Parser for text/vnd.wap.wml is org.apache.jmeter.protocol.http.parser.RegexpHTMLParser 
2017/02/04 18:24:22 INFO  - jmeter.gui.util.MenuFactory: Skipping org.apache.jmeter.protocol.http.control.gui.WebServiceSamplerGui 
2017/02/04 18:24:22 INFO  - jmeter.gui.util.MenuFactory: Skipping org.apache.jmeter.protocol.http.modifier.gui.ParamModifierGui 
2017/02/04 18:24:22 INFO  - jorphan.exec.KeyToolUtils: keytool found at 'keytool' 
2017/02/04 18:24:22 INFO  - jmeter.protocol.http.proxy.ProxyControl: HTTP(S) Test Script Recorder SSL Proxy will use keys that support embedded 3rd party resources in file C:\ProgramData\chocolatey\lib\jmeter\tools\apache-jmeter-2.13\bin\proxyserver.jks 
2017/02/04 18:24:28 INFO  - jmeter.engine.StandardJMeterEngine: Listeners will be started after enabling running version 
2017/02/04 18:24:28 INFO  - jmeter.engine.StandardJMeterEngine: To revert to the earlier behaviour, define jmeterengine.startlistenerslater=false 
2017/02/04 18:24:28 INFO  - jmeter.engine.StandardJMeterEngine: Running the test! 
2017/02/04 18:24:28 INFO  - jmeter.samplers.SampleEvent: List of sample_variables: [] 
2017/02/04 18:24:28 INFO  - jmeter.samplers.SampleEvent: List of sample_variables: [] 
2017/02/04 18:24:28 INFO  - jmeter.gui.util.JMeterMenuBar: setRunning(true,*local*) 
2017/02/04 18:24:28 INFO  - jmeter.engine.StandardJMeterEngine: Starting ThreadGroup: 1 : Groupe d'unités 
2017/02/04 18:24:28 INFO  - jmeter.engine.StandardJMeterEngine: Starting 1 threads for group Groupe d'unités. 
2017/02/04 18:24:28 INFO  - jmeter.engine.StandardJMeterEngine: Thread will continue on error 
2017/02/04 18:24:28 INFO  - jmeter.threads.ThreadGroup: Starting thread group number 1 threads 1 ramp-up 1 perThread 1000.0 delayedStart=false 
2017/02/04 18:24:28 INFO  - jmeter.threads.JMeterThread: jmeterthread.startearlier=true (see jmeter.properties) 
2017/02/04 18:24:28 INFO  - jmeter.threads.JMeterThread: Running PostProcessors in forward order 
2017/02/04 18:24:28 INFO  - jmeter.threads.ThreadGroup: Started thread group number 1 
2017/02/04 18:24:28 INFO  - jmeter.engine.StandardJMeterEngine: All thread groups have been started 
2017/02/04 18:24:28 INFO  - jmeter.threads.JMeterThread: Thread started: Groupe d'unités 1-1 
2017/02/04 18:24:33 INFO  - jmeter.threads.JMeterThread: Thread is done: Groupe d'unités 1-1 
2017/02/04 18:24:33 INFO  - jmeter.threads.JMeterThread: Thread finished: Groupe d'unités 1-1 
2017/02/04 18:24:33 INFO  - jmeter.engine.StandardJMeterEngine: Notifying test listeners of end of test 
2017/02/04 18:24:33 INFO  - jmeter.gui.util.JMeterMenuBar: setRunning(false,*local*) 
